<?xml version="1.0" encoding="UTF-8"?>
<!-- Generated by org.testng.reporters.JUnitReportReporter -->
<testsuite hostname="WSPF1JWKYR" name="LaunchScript.LaunchScript" tests="1" failures="0" timestamp="28 Jun 2022 19:09:37 GMT" time="204.511" errors="0">
  <testcase name="Launch" time="204.511" classname="LaunchScript.LaunchScript"/>
</testsuite> <!-- LaunchScript.LaunchScript -->
